0 info it worked if it ends with ok
1 verbose cli [ '/usr/bin/nodejs', '/usr/bin/npm', 'publish' ]
2 info using npm@3.10.9
3 info using node@v6.9.2
4 verbose publish [ '.' ]
5 silly cache add args [ '.', null ]
6 verbose cache add spec .
7 silly cache add parsed spec Result {
7 silly cache add   raw: '.',
7 silly cache add   scope: null,
7 silly cache add   escapedName: null,
7 silly cache add   name: null,
7 silly cache add   rawSpec: '.',
7 silly cache add   spec: '/home/morten/Code/flexgrid',
7 silly cache add   type: 'directory' }
8 verbose addLocalDirectory /home/morten/.npm/flexgrid/2.0.0/package.tgz not in flight; packing
9 verbose correctMkdir /home/morten/.npm correctMkdir not in flight; initializing
10 info lifecycle flexgrid@2.0.0~prepublish: flexgrid@2.0.0
11 silly lifecycle flexgrid@2.0.0~prepublish: no script for prepublish, continuing
12 verbose tar pack [ '/home/morten/.npm/flexgrid/2.0.0/package.tgz',
12 verbose tar pack   '/home/morten/Code/flexgrid' ]
13 verbose tarball /home/morten/.npm/flexgrid/2.0.0/package.tgz
14 verbose folder /home/morten/Code/flexgrid
15 verbose addLocalTarball adding from inside cache /home/morten/.npm/flexgrid/2.0.0/package.tgz
16 verbose correctMkdir /home/morten/.npm correctMkdir not in flight; initializing
17 silly cache afterAdd flexgrid@2.0.0
18 verbose afterAdd /home/morten/.npm/flexgrid/2.0.0/package/package.json not in flight; writing
19 verbose correctMkdir /home/morten/.npm correctMkdir not in flight; initializing
20 verbose afterAdd /home/morten/.npm/flexgrid/2.0.0/package/package.json written
21 silly publish { name: 'flexgrid',
21 silly publish   version: '2.0.0',
21 silly publish   description: 'A simple grid based on flexbox layout',
21 silly publish   main: 'gulpfile.js',
21 silly publish   dependencies: {},
21 silly publish   devDependencies:
21 silly publish    { gulp: '^3.9.1',
21 silly publish      'gulp-babel': '^6.1.2',
21 silly publish      'gulp-clean-css': '^2.0.2',
21 silly publish      'gulp-concat': '^2.6.0',
21 silly publish      'gulp-sass': '^2.2.0',
21 silly publish      'gulp-uglify': '^1.5.3',
21 silly publish      'gulp-watch': '^4.3.5' },
21 silly publish   repository:
21 silly publish    { type: 'git',
21 silly publish      url: 'git+https://github.com/moso/flexgrid/flexgrid.git' },
21 silly publish   keywords: [ 'flex', 'flexbox', 'flexgrid', 'grid', 'css' ],
21 silly publish   author: '',
21 silly publish   license: 'MIT (https://github.com/moso/flexgrid/blob/master/LICENSE)',
21 silly publish   bugs: { url: 'https://github.com/moso/flexgrid/issues' },
21 silly publish   homepage: 'https://flexgrid.moso.io',
21 silly publish   readme: '# Flexgrid - a simple grid based on flexbox layout\n\nNo more floats! Regular grid layout is based on both block and inline flow directions, however, the flexbox (or just flex) layout is based on "flex-flow directions". Thus `float` and `clear` have no effect. Using `float` causes the `display`-property to compute to `block`. Using `flexbox` also means less JavaScript! Everything is, of course, responsive and stacks perfectly.\n\n**Please note:** Flexbox is only partially supported by IE10. Any IE-version lower than 10 does not support flexbox. However, Flexgrid has many fallbacks included, so IE11 is safe. More info [here].\n\nFlexgrid is an integral part of the upcoming [Nano Framework](https://github.com/getnano/nano-framework), where Flexgrid is the standard grid-system and provides a stable flexbox skeleton.\n\n### Demo\nA live demo is available here: [DEMO]\n\n### Changelog\n**2.0.0 (2016-10-10)**\n- Renamed column names for better migration\n- Added an extra class\n- Renamed some mixins, added new ones, added better descriptions on each mixin\n- Simplified mixins - they can now do more and have defaults\n- Added variables file for better modification\n- Added a grid generator for better automation\n\n**1.0.2 (2015-11-29)**\n- Added SCSS source and a few small fixes\n\n**1.0.1 (2015-09-27)**\n- Removed helper classes\n\n**1.0 (2015-06-23)**\n- Initial release\n\n### Classes\nFlexgrid now has 5 classes, compared to 4 in v1. You might find these familiar, as these resemble [Bootstrap]:\n- xs (xtra small - for mobile devices and small tablets)\n- sm (small - for large mobile devices and tablets)\n- md (medium - for tablets and very small laptops)\n- lg (large - for smaller laptops and -desktops)\n- xl (xlarge - for desktops)\n\nThe classes can be combined to create more dynamic and flexible layouts.\n\n**Pro tip**: Each class scales up, so if you wish to set the same widths for \'sm\' and \'md\', you only need to specify \'sm\'.\n\n### .container and .container-fluid\nFlexgrid comes with responsive containers that boxes the content in which are controlled by `@media`-queries. These `@media`-queries trigger at the same widths defined by the [Bootstrap]-framework. However, as a small detail, Flexgrid bases its width-triggers on `rem` instead of `px`. This creates a much more fluid layout. While `em` is relative to the `font-size` of its direct or nearest parent, `rem` is only relative to the `html` (root) `font-size`. Flexgrid `font-size` is set to `16px`. There is also a fluid container that has no `@media`-queries.\n\n### Columns\nFlexgrid comes with columns with percent-based widths allow fluid resizing of columns and rows.\n\n### Offsets\nIt\'s fairly easy to offset columns\n\n### Auto width\nThis defines the ability for a flex item to grow if necessary. It accepts a unitless value that serves as a proportion. It dictates what amount of the available space inside the flex container the item should take up.\n\n### Justifying content\n##### space-around:\nWith `space-around`, items are evenly distributed in the line with equal space around them.\n##### space-between:\n`space-between` distributes items in the line; first item is on the start line, last item on the end line.\n##### start, end, center\n- `start`: (default): items are packed toward the start line.\n- `center`: tems are centered along the line.\n- `end`: items are packed toward to end line.\n\n##### top, middle, bottom\nVertically aligning items can be a pain. But not with `flexbox`.\n\n### Ordering\nBy default, items are laid out in the source order. However, the `order`-property controls the order in which they appear in the container.\n\n### Reversing\nReversing is basically the same as `direction: rtl`, just smarter. You no longer have to reverse the `direction` inside the item for text to align properly.\n\n#### Demonstration of all these can be found via the demo link!\n\n### Editing the source\nIt\'s easy to modify the source. Clone this repository or download the release, and edit away.\nFlexgrid comes with a `gulpfile` that can compile the source for you. To install its dependencies, you need to have **NodeJS** and `npm` installed.\nTo install the gulp dependencies, you just run:\n```\nnpm install\n```\n\nWhen you\'re done editing, you just run:\n```\ngulp scss\n```\nIf you want to minify the CSS, you can run:\n```\ngulp css-ugly\n```\n\n[here]:http://caniuse.com/#search=flexbox\n[DEMO]:http://flexgrid.moso.io\n[Bootstrap]:http://getbootstrap.com\n',
21 silly publish   readmeFilename: 'README.md',
21 silly publish   gitHead: '703adc95fa15bbb904a942cffe2dca730ac6f589',
21 silly publish   _id: 'flexgrid@2.0.0',
21 silly publish   scripts: {},
21 silly publish   _shasum: '440c528d0fc5b44271a324a41ab69564341ae7a3',
21 silly publish   _from: '.' }
22 verbose getPublishConfig undefined
23 silly mapToRegistry name flexgrid
24 silly mapToRegistry using default registry
25 silly mapToRegistry registry https://registry.npmjs.org/
26 silly mapToRegistry data Result {
26 silly mapToRegistry   raw: 'flexgrid',
26 silly mapToRegistry   scope: null,
26 silly mapToRegistry   escapedName: 'flexgrid',
26 silly mapToRegistry   name: 'flexgrid',
26 silly mapToRegistry   rawSpec: '',
26 silly mapToRegistry   spec: 'latest',
26 silly mapToRegistry   type: 'tag' }
27 silly mapToRegistry uri https://registry.npmjs.org/flexgrid
28 verbose publish registryBase https://registry.npmjs.org/
29 silly publish uploading /home/morten/.npm/flexgrid/2.0.0/package.tgz
30 verbose request uri https://registry.npmjs.org/flexgrid
31 verbose request sending authorization for write operation
32 info attempt registry request try #1 at 11:45:59 AM
33 verbose request using bearer token for auth
34 verbose request id 5f46298ce9eaab61
35 http request PUT https://registry.npmjs.org/flexgrid
36 http 403 https://registry.npmjs.org/flexgrid
37 verbose headers { 'content-type': 'application/json',
37 verbose headers   'cache-control': 'max-age=300',
37 verbose headers   'content-length': '102',
37 verbose headers   'accept-ranges': 'bytes',
37 verbose headers   date: 'Mon, 12 Dec 2016 10:46:00 GMT',
37 verbose headers   via: '1.1 varnish',
37 verbose headers   connection: 'keep-alive',
37 verbose headers   'x-served-by': 'cache-bma7033-BMA',
37 verbose headers   'x-cache': 'MISS',
37 verbose headers   'x-cache-hits': '0',
37 verbose headers   'x-timer': 'S1481539559.429178,VS0,VE705',
37 verbose headers   vary: 'Accept-Encoding' }
38 verbose request invalidating /home/morten/.npm/registry.npmjs.org/flexgrid on PUT
39 error publish Failed PUT 403
40 verbose stack Error: you do not have permission to publish "flexgrid". Are you logged in as the correct user? : flexgrid
40 verbose stack     at makeError (/usr/lib/node_modules/npm/node_modules/npm-registry-client/lib/request.js:302:12)
40 verbose stack     at CachingRegistryClient.<anonymous> (/usr/lib/node_modules/npm/node_modules/npm-registry-client/lib/request.js:290:14)
40 verbose stack     at Request._callback (/usr/lib/node_modules/npm/node_modules/npm-registry-client/lib/request.js:210:14)
40 verbose stack     at Request.self.callback (/usr/lib/node_modules/npm/node_modules/request/request.js:187:22)
40 verbose stack     at emitTwo (events.js:106:13)
40 verbose stack     at Request.emit (events.js:191:7)
40 verbose stack     at Request.<anonymous> (/usr/lib/node_modules/npm/node_modules/request/request.js:1048:10)
40 verbose stack     at emitOne (events.js:96:13)
40 verbose stack     at Request.emit (events.js:188:7)
40 verbose stack     at IncomingMessage.<anonymous> (/usr/lib/node_modules/npm/node_modules/request/request.js:969:12)
41 verbose statusCode 403
42 verbose pkgid flexgrid
43 verbose cwd /home/morten/Code/flexgrid
44 error Linux 4.4.0-53-generic
45 error argv "/usr/bin/nodejs" "/usr/bin/npm" "publish"
46 error node v6.9.2
47 error npm  v3.10.9
48 error code E403
49 error you do not have permission to publish "flexgrid". Are you logged in as the correct user? : flexgrid
50 error If you need help, you may report this error at:
50 error     <https://github.com/npm/npm/issues>
51 verbose exit [ 1, true ]
